{"C:\\Users\\24114290100\\Documents\\atividade01\\src\\app.js": {"path":"C:\\Users\\24114290100\\Documents\\atividade01\\src\\app.js","statementMap":{"0":{"start":{"line":1,"column":16},"end":{"line":1,"column":34}},"1":{"start":{"line":2,"column":22},"end":{"line":2,"column":56}},"2":{"start":{"line":4,"column":12},"end":{"line":4,"column":21}},"3":{"start":{"line":5,"column":0},"end":{"line":5,"column":24}},"4":{"start":{"line":6,"column":0},"end":{"line":6,"column":35}},"5":{"start":{"line":8,"column":0},"end":{"line":8,"column":21}}},"fnMap":{},"branchMap":{},"s":{"0":1,"1":1,"2":1,"3":1,"4":1,"5":1},"f":{},"b":{},"_coverageSchema":"1a1c01bbd47fc00a2c39e90264f33305004495a9","hash":"f5ccda720fb1d42b525589d4dc8717a1b9007b6b"}
,"C:\\Users\\24114290100\\Documents\\atividade01\\src\\routes\\tarefas.routes.js": {"path":"C:\\Users\\24114290100\\Documents\\atividade01\\src\\routes\\tarefas.routes.js","statementMap":{"0":{"start":{"line":1,"column":19},"end":{"line":1,"column":37}},"1":{"start":{"line":2,"column":15},"end":{"line":2,"column":23}},"2":{"start":{"line":4,"column":16},"end":{"line":4,"column":17}},"3":{"start":{"line":5,"column":14},"end":{"line":5,"column":76}},"4":{"start":{"line":7,"column":0},"end":{"line":9,"column":3}},"5":{"start":{"line":8,"column":2},"end":{"line":8,"column":20}},"6":{"start":{"line":11,"column":0},"end":{"line":16,"column":3}},"7":{"start":{"line":12,"column":17},"end":{"line":12,"column":48}},"8":{"start":{"line":13,"column":15},"end":{"line":13,"column":56}},"9":{"start":{"line":14,"column":2},"end":{"line":14,"column":21}},"10":{"start":{"line":15,"column":2},"end":{"line":15,"column":29}},"11":{"start":{"line":18,"column":0},"end":{"line":26,"column":3}},"12":{"start":{"line":19,"column":13},"end":{"line":19,"column":34}},"13":{"start":{"line":20,"column":17},"end":{"line":20,"column":47}},"14":{"start":{"line":20,"column":35},"end":{"line":20,"column":46}},"15":{"start":{"line":21,"column":2},"end":{"line":21,"column":71}},"16":{"start":{"line":21,"column":15},"end":{"line":21,"column":71}},"17":{"start":{"line":23,"column":2},"end":{"line":23,"column":55}},"18":{"start":{"line":23,"column":23},"end":{"line":23,"column":55}},"19":{"start":{"line":24,"column":2},"end":{"line":24,"column":66}},"20":{"start":{"line":24,"column":36},"end":{"line":24,"column":66}},"21":{"start":{"line":25,"column":2},"end":{"line":25,"column":19}},"22":{"start":{"line":28,"column":0},"end":{"line":32,"column":3}},"23":{"start":{"line":29,"column":13},"end":{"line":29,"column":34}},"24":{"start":{"line":30,"column":2},"end":{"line":30,"column":45}},"25":{"start":{"line":30,"column":32},"end":{"line":30,"column":43}},"26":{"start":{"line":31,"column":2},"end":{"line":31,"column":25}},"27":{"start":{"line":34,"column":0},"end":{"line":38,"column":3}},"28":{"start":{"line":35,"column":2},"end":{"line":35,"column":16}},"29":{"start":{"line":36,"column":2},"end":{"line":36,"column":75}},"30":{"start":{"line":37,"column":2},"end":{"line":37,"column":25}},"31":{"start":{"line":40,"column":0},"end":{"line":40,"column":24}}},"fnMap":{"0":{"name":"(anonymous_0)","decl":{"start":{"line":7,"column":16},"end":{"line":7,"column":17}},"loc":{"start":{"line":7,"column":30},"end":{"line":9,"column":1}},"line":7},"1":{"name":"(anonymous_1)","decl":{"start":{"line":11,"column":17},"end":{"line":11,"column":18}},"loc":{"start":{"line":11,"column":31},"end":{"line":16,"column":1}},"line":11},"2":{"name":"(anonymous_2)","decl":{"start":{"line":18,"column":19},"end":{"line":18,"column":20}},"loc":{"start":{"line":18,"column":33},"end":{"line":26,"column":1}},"line":18},"3":{"name":"(anonymous_3)","decl":{"start":{"line":20,"column":30},"end":{"line":20,"column":31}},"loc":{"start":{"line":20,"column":35},"end":{"line":20,"column":46}},"line":20},"4":{"name":"(anonymous_4)","decl":{"start":{"line":28,"column":22},"end":{"line":28,"column":23}},"loc":{"start":{"line":28,"column":36},"end":{"line":32,"column":1}},"line":28},"5":{"name":"(anonymous_5)","decl":{"start":{"line":30,"column":27},"end":{"line":30,"column":28}},"loc":{"start":{"line":30,"column":32},"end":{"line":30,"column":43}},"line":30},"6":{"name":"(anonymous_6)","decl":{"start":{"line":34,"column":30},"end":{"line":34,"column":31}},"loc":{"start":{"line":34,"column":44},"end":{"line":38,"column":1}},"line":34}},"branchMap":{"0":{"loc":{"start":{"line":12,"column":17},"end":{"line":12,"column":48}},"type":"binary-expr","locations":[{"start":{"line":12,"column":17},"end":{"line":12,"column":32}},{"start":{"line":12,"column":36},"end":{"line":12,"column":48}}],"line":12},"1":{"loc":{"start":{"line":21,"column":2},"end":{"line":21,"column":71}},"type":"if","locations":[{"start":{"line":21,"column":2},"end":{"line":21,"column":71}},{"start":{},"end":{}}],"line":21},"2":{"loc":{"start":{"line":23,"column":2},"end":{"line":23,"column":55}},"type":"if","locations":[{"start":{"line":23,"column":2},"end":{"line":23,"column":55}},{"start":{},"end":{}}],"line":23},"3":{"loc":{"start":{"line":24,"column":2},"end":{"line":24,"column":66}},"type":"if","locations":[{"start":{"line":24,"column":2},"end":{"line":24,"column":66}},{"start":{},"end":{}}],"line":24}},"s":{"0":1,"1":1,"2":1,"3":1,"4":1,"5":2,"6":1,"7":3,"8":3,"9":3,"10":3,"11":1,"12":1,"13":1,"14":2,"15":1,"16":0,"17":1,"18":1,"19":1,"20":1,"21":1,"22":1,"23":1,"24":1,"25":2,"26":1,"27":1,"28":4,"29":4,"30":4,"31":1},"f":{"0":2,"1":3,"2":1,"3":2,"4":1,"5":2,"6":4},"b":{"0":[3,0],"1":[0,1],"2":[1,0],"3":[1,0]},"_coverageSchema":"1a1c01bbd47fc00a2c39e90264f33305004495a9","hash":"875bfef25466213ed3d178b15f3f2c0685286b2b"}
}
