TN:
SF:src\app.js
FNF:0
FNH:0
DA:1,1
DA:2,1
DA:4,1
DA:5,1
DA:6,1
DA:8,1
LF:6
LH:6
BRF:0
BRH:0
end_of_record
TN:
SF:src\routes\tarefas.routes.js
FN:7,(anonymous_0)
FN:11,(anonymous_1)
FN:18,(anonymous_2)
FN:20,(anonymous_3)
FN:28,(anonymous_4)
FN:30,(anonymous_5)
FN:34,(anonymous_6)
FNF:7
FNH:7
FNDA:2,(anonymous_0)
FNDA:3,(anonymous_1)
FNDA:1,(anonymous_2)
FNDA:2,(anonymous_3)
FNDA:1,(anonymous_4)
FNDA:2,(anonymous_5)
FNDA:4,(anonymous_6)
DA:1,1
DA:2,1
DA:4,1
DA:5,1
DA:7,1
DA:8,2
DA:11,1
DA:12,3
DA:13,3
DA:14,3
DA:15,3
DA:18,1
DA:19,1
DA:20,2
DA:21,1
DA:23,1
DA:24,1
DA:25,1
DA:28,1
DA:29,1
DA:30,2
DA:31,1
DA:34,1
DA:35,4
DA:36,4
DA:37,4
DA:40,1
LF:27
LH:27
BRDA:12,0,0,3
BRDA:12,0,1,0
BRDA:21,1,0,0
BRDA:21,1,1,1
BRDA:23,2,0,1
BRDA:23,2,1,0
BRDA:24,3,0,1
BRDA:24,3,1,0
BRF:8
BRH:4
end_of_record
